Log file open, 01/14/23 15:29:24
LogWindows: Failed to load 'aqProf.dll' (GetLastError=126)
LogWindows: File 'aqProf.dll' does not exist
LogWindows: Failed to load 'VtuneApi.dll' (GetLastError=126)
LogWindows: File 'VtuneApi.dll' does not exist
LogWindows: Failed to load 'VtuneApi32e.dll' (GetLastError=126)
LogWindows: File 'VtuneApi32e.dll' does not exist
LogConsoleResponse: Display: Failed to find resolution value strings in scalability ini. Falling back to default.
LogConsoleResponse: Display: Failed to find resolution value strings in scalability ini. Falling back to default.
LogInit: Display: Running engine for game: Turtles
LogPlatformFile: Not using cached read wrapper
LogTaskGraph: Started task graph with 5 named threads and 23 total threads with 3 sets of task threads.
LogStats: Stats thread started at 0.223088
LogICUInternationalization: ICU TimeZone Detection - Raw Offset: +6:00, Platform Override: ''
LogInit: Display: Loading text-based GConfig....
LogPluginManager: Mounting plugin MeshPainting
LogPluginManager: Mounting plugin XGEController
LogPluginManager: Mounting plugin Paper2D
LogPluginManager: Mounting plugin LiveLink
LogPluginManager: Mounting plugin AISupport
LogPluginManager: Mounting plugin EnvironmentQueryEditor
LogPluginManager: Mounting plugin LightPropagationVolume
LogPluginManager: Mounting plugin AnimationSharing
LogPluginManager: Mounting plugin GameplayCameras
LogPluginManager: Mounting plugin CameraShakePreviewer
LogPluginManager: Mounting plugin AssetManagerEditor
LogPluginManager: Mounting plugin DatasmithContent
LogPluginManager: Mounting plugin VariantManagerContent
LogPluginManager: Mounting plugin CryptoKeys
LogPluginManager: Mounting plugin CurveEditorTools
LogPluginManager: Mounting plugin DataValidation
LogPluginManager: Mounting plugin GameplayTagsEditor
LogPluginManager: Mounting plugin FacialAnimation
LogPluginManager: Mounting plugin GeometryMode
LogPluginManager: Mounting plugin MacGraphicsSwitching
LogPluginManager: Mounting plugin MaterialAnalyzer
LogPluginManager: Mounting plugin MobileLauncherProfileWizard
LogPluginManager: Mounting plugin PluginBrowser
LogPluginManager: Mounting plugin SpeedTreeImporter
LogPluginManager: Mounting plugin AlembicImporter
LogPluginManager: Mounting plugin AutomationUtils
LogPluginManager: Mounting plugin BackChannel
LogPluginManager: Mounting plugin ChaosCloth
LogPluginManager: Mounting plugin ChaosClothEditor
LogPluginManager: Mounting plugin ChaosEditor
LogPluginManager: Mounting plugin ChaosNiagara
LogPluginManager: Mounting plugin ChaosSolverPlugin
LogPluginManager: Mounting plugin CharacterAI
LogPluginManager: Mounting plugin GeometryCache
LogPluginManager: Mounting plugin GeometryCollectionPlugin
LogPluginManager: Mounting plugin GeometryProcessing
LogPluginManager: Mounting plugin MotoSynth
LogPluginManager: Mounting plugin OpenImageDenoise
LogPluginManager: Mounting plugin PlatformCrypto
LogPluginManager: Mounting plugin PlanarCut
LogPluginManager: Mounting plugin PythonScriptPlugin
LogPluginManager: Mounting plugin ProxyLODPlugin
LogPluginManager: Mounting plugin SkeletalReduction
LogPluginManager: Mounting plugin Niagara
LogPluginManager: Mounting plugin LuminPlatformFeatures
LogPluginManager: Mounting plugin MagicLeap
LogPluginManager: Mounting plugin MagicLeapLightEstimation
LogPluginManager: Mounting plugin MagicLeapMedia
LogPluginManager: Mounting plugin MagicLeapPassableWorld
LogPluginManager: Mounting plugin MLSDK
LogPluginManager: Mounting plugin AndroidMedia
LogPluginManager: Mounting plugin AvfMedia
LogPluginManager: Mounting plugin ImgMedia
LogPluginManager: Mounting plugin MediaCompositing
LogPluginManager: Mounting plugin MediaPlayerEditor
LogPluginManager: Mounting plugin WebMMedia
LogPluginManager: Mounting plugin WmfMedia
LogPluginManager: Mounting plugin ActorSequence
LogPluginManager: Mounting plugin UdpMessaging
LogPluginManager: Mounting plugin TcpMessaging
LogPluginManager: Mounting plugin LevelSequenceEditor
LogPluginManager: Mounting plugin MatineeToLevelSequence
LogPluginManager: Mounting plugin TemplateSequence
LogPluginManager: Mounting plugin OnlineSubsystem
LogPluginManager: Mounting plugin OnlineSubsystemNull
LogPluginManager: Mounting plugin OnlineSubsystemUtils
LogPluginManager: Mounting plugin LauncherChunkInstaller
LogPluginManager: Mounting plugin ActorLayerUtilities
LogPluginManager: Mounting plugin AndroidDeviceProfileSelector
LogPluginManager: Mounting plugin AndroidMoviePlayer
LogPluginManager: Mounting plugin AndroidPermission
LogPluginManager: Mounting plugin AppleImageUtils
LogPluginManager: Mounting plugin AppleMoviePlayer
LogPluginManager: Mounting plugin AssetTags
LogPluginManager: Mounting plugin ArchVisCharacter
LogPluginManager: Mounting plugin AudioCapture
LogPluginManager: Mounting plugin AudioSynesthesia
LogPluginManager: Mounting plugin CableComponent
LogPluginManager: Mounting plugin ChunkDownloader
LogPluginManager: Mounting plugin CustomMeshComponent
LogPluginManager: Mounting plugin EditableMesh
LogPluginManager: Mounting plugin ExampleDeviceProfileSelector
LogPluginManager: Mounting plugin GoogleCloudMessaging
LogPluginManager: Mounting plugin GooglePAD
LogPluginManager: Mounting plugin IOSDeviceProfileSelector
LogPluginManager: Mounting plugin LinuxDeviceProfileSelector
LogPluginManager: Mounting plugin LocationServicesBPLibrary
LogPluginManager: Mounting plugin MobilePatchingUtils
LogPluginManager: Mounting plugin OpenXR
LogPluginManager: Mounting plugin OpenXREyeTracker
LogPluginManager: Mounting plugin OpenXRHandTracking
LogPluginManager: Mounting plugin PhysXVehicles
LogPluginManager: Mounting plugin PostSplashScreen
LogPluginManager: Mounting plugin ProceduralMeshComponent
LogPluginManager: Mounting plugin PropertyAccessEditor
LogPluginManager: Mounting plugin RuntimePhysXCooking
LogPluginManager: Mounting plugin SignificanceManager
LogPluginManager: Mounting plugin SoundFields
LogPluginManager: Mounting plugin ScreenshotTools
LogPluginManager: Mounting plugin Synthesis
LogPluginManager: Mounting plugin WebMMoviePlayer
LogPluginManager: Mounting plugin WindowsMoviePlayer
LogPluginManager: Mounting plugin Takes
LogPluginManager: Mounting plugin CLionSourceCodeAccess
LogPluginManager: Mounting plugin CodeLiteSourceCodeAccess
LogPluginManager: Mounting plugin KDevelopSourceCodeAccess
LogPluginManager: Mounting plugin GitSourceControl
LogPluginManager: Mounting plugin NullSourceCodeAccess
LogPluginManager: Mounting plugin PerforceSourceControl
LogPluginManager: Mounting plugin PixWinPlugin
LogPluginManager: Mounting plugin PlasticSourceControl
LogPluginManager: Mounting plugin PropertyAccessNode
LogPluginManager: Mounting plugin PluginUtils
LogPluginManager: Mounting plugin RiderLink
LogPluginManager: Mounting plugin RiderSourceCodeAccess
LogPluginManager: Mounting plugin SubversionSourceControl
LogPluginManager: Mounting plugin TextureFormatOodle
LogPluginManager: Mounting plugin UObjectPlugin
LogPluginManager: Mounting plugin VisualStudioCodeSourceCodeAccess
LogPluginManager: Mounting plugin VisualStudioSourceCodeAccess
LogPluginManager: Mounting plugin XCodeSourceCodeAccess
LogPluginManager: Mounting plugin OodleData
LogPluginManager: Mounting plugin OodleNetwork
LogPluginManager: Mounting plugin ContentBrowserAssetDataSource
LogPluginManager: Mounting plugin ContentBrowserClassDataSource
LogPluginManager: Mounting plugin ContentBrowserFileDataSource
LogPluginManager: Mounting plugin OnlineSubsystemIOS
LogPluginManager: Mounting plugin OnlineSubsystemGooglePlay
LogPluginManager: Mounting plugin OculusVR
LogPluginManager: Mounting plugin SteamVR
LogInit: Using libcurl 7.55.1-DEV
LogInit:  - built for x86_64-pc-win32
LogInit:  - supports SSL with OpenSSL/1.1.1
LogInit:  - supports HTTP deflate (compression) using libz 1.2.8
LogInit:  - other features:
LogInit:      CURL_VERSION_SSL
LogInit:      CURL_VERSION_LIBZ
LogInit:      CURL_VERSION_IPV6
LogInit:      CURL_VERSION_ASYNCHDNS
LogInit:      CURL_VERSION_LARGEFILE
LogInit:      CURL_VERSION_IDN
LogInit:  CurlRequestOptions (configurable via config and command line):
LogInit:  - bVerifyPeer = true  - Libcurl will verify peer certificate
LogInit:  - bUseHttpProxy = false  - Libcurl will NOT use HTTP proxy
LogInit:  - bDontReuseConnections = false  - Libcurl will reuse connections
LogInit:  - MaxHostConnections = 16  - Libcurl will limit the number of connections to a host
LogInit:  - LocalHostAddr = Default
LogInit:  - BufferSize = 65536
LogOnline: OSS: Creating online subsystem instance for: NULL
LogInit: WinSock: version 1.1 (2.2), MaxSocks=32767, MaxUdp=65467
LogOnline: OSS: TryLoadSubsystemAndSetDefault: Loaded subsystem for module [NULL]
PixWinPlugin: PIX capture plugin failed to initialize! Check that the process is launched from PIX.
LogOculusPluginWrapper: OculusPlugin initialized successfully
LogHMD: Failed initializing OVRPlugin 1.59.0
LogInit: Build: ++UE4+Release-4.27-CL-18319896
LogInit: Engine Version: 4.27.2-18319896+++UE4+Release-4.27
LogInit: Compatible Engine Version: 4.27.0-17155196+++UE4+Release-4.27
LogInit: Net CL: 17155196
LogInit: OS: Windows 10 (Release 2009) (), CPU: Intel(R) Core(TM) i7-6700 CPU @ 3.40GHz, GPU: NVIDIA GeForce GTX 1080
LogInit: Compiled (64-bit): Nov 30 2021 07:12:08
LogInit: Compiled with Visual C++: 19.24.28315.00
LogInit: Build Configuration: Development
LogInit: Branch Name: ++UE4+Release-4.27
LogInit: Command Line: 
LogInit: Base Directory: D:/UE_4.27/Engine/Binaries/Win64/
LogInit: Allocator: TBB
LogInit: Installed Engine Build: 1
LogDevObjectVersion: Number of dev versions registered: 29
LogDevObjectVersion:   Dev-Blueprints (B0D832E4-1F89-4F0D-ACCF-7EB736FD4AA2): 10
LogDevObjectVersion:   Dev-Build (E1C64328-A22C-4D53-A36C-8E866417BD8C): 0
LogDevObjectVersion:   Dev-Core (375EC13C-06E4-48FB-B500-84F0262A717E): 4
LogDevObjectVersion:   Dev-Editor (E4B068ED-F494-42E9-A231-DA0B2E46BB41): 40
LogDevObjectVersion:   Dev-Framework (CFFC743F-43B0-4480-9391-14DF171D2073): 37
LogDevObjectVersion:   Dev-Mobile (B02B49B5-BB20-44E9-A304-32B752E40360): 3
LogDevObjectVersion:   Dev-Networking (A4E4105C-59A1-49B5-A7C5-40C4547EDFEE): 0
LogDevObjectVersion:   Dev-Online (39C831C9-5AE6-47DC-9A44-9C173E1C8E7C): 0
LogDevObjectVersion:   Dev-Physics (78F01B33-EBEA-4F98-B9B4-84EACCB95AA2): 14
LogDevObjectVersion:   Dev-Platform (6631380F-2D4D-43E0-8009-CF276956A95A): 0
LogDevObjectVersion:   Dev-Rendering (12F88B9F-8875-4AFC-A67C-D90C383ABD29): 45
LogDevObjectVersion:   Dev-Sequencer (7B5AE74C-D270-4C10-A958-57980B212A5A): 13
LogDevObjectVersion:   Dev-VR (D7296918-1DD6-4BDD-9DE2-64A83CC13884): 3
LogDevObjectVersion:   Dev-LoadTimes (C2A15278-BFE7-4AFE-6C17-90FF531DF755): 1
LogDevObjectVersion:   Private-Geometry (6EACA3D4-40EC-4CC1-B786-8BED09428FC5): 3
LogDevObjectVersion:   Dev-AnimPhys (29E575DD-E0A3-4627-9D10-D276232CDCEA): 17
LogDevObjectVersion:   Dev-Anim (AF43A65D-7FD3-4947-9873-3E8ED9C1BB05): 15
LogDevObjectVersion:   Dev-ReflectionCapture (6B266CEC-1EC7-4B8F-A30B-E4D90942FC07): 1
LogDevObjectVersion:   Dev-Automation (0DF73D61-A23F-47EA-B727-89E90C41499A): 1
LogDevObjectVersion:   FortniteMain (601D1886-AC64-4F84-AA16-D3DE0DEAC7D6): 47
LogDevObjectVersion:   FortniteRelease (E7086368-6B23-4C58-8439-1B7016265E91): 1
LogDevObjectVersion:   Dev-Enterprise (9DFFBCD6-494F-0158-E221-12823C92A888): 10
LogDevObjectVersion:   Dev-Niagara (F2AED0AC-9AFE-416F-8664-AA7FFA26D6FC): 1
LogDevObjectVersion:   Dev-Destruction (174F1F0B-B4C6-45A5-B13F-2EE8D0FB917D): 10
LogDevObjectVersion:   Dev-Physics-Ext (35F94A83-E258-406C-A318-09F59610247C): 41
LogDevObjectVersion:   Dev-PhysicsMaterial-Chaos (B68FC16E-8B1B-42E2-B453-215C058844FE): 1
LogDevObjectVersion:   Dev-CineCamera (B2E18506-4273-CFC2-A54E-F4BB758BBA07): 1
LogDevObjectVersion:   Dev-VirtualProduction (64F58936-FD1B-42BA-BA96-7289D5D0FA4E): 1
LogDevObjectVersion:   Dev-MediaFramework (6F0ED827-A609-4895-9C91-998D90180EA4): 2
LogInit: Presizing for max 25165824 objects, including 0 objects not considered by GC, pre-allocating 0 bytes for permanent pool.
LogConfig: Applying CVar settings from Section [/Script/Engine.StreamingSettings] File [X:/FNProject/FNPROJECT/UnrealProject/Turtles/Saved/Config/Windows/Engine.ini]
LogConfig: Setting CVar [[s.MinBulkDataSizeForAsyncLoading:131072]]
LogConfig: Setting CVar [[s.AsyncLoadingThreadEnabled:0]]
LogConfig: Setting CVar [[s.EventDrivenLoaderEnabled:1]]
LogConfig: Setting CVar [[s.WarnIfTimeLimitExceeded:0]]
LogConfig: Setting CVar [[s.TimeLimitExceededMultiplier:1.5]]
LogConfig: Setting CVar [[s.TimeLimitExceededMinTime:0.005]]
LogConfig: Setting CVar [[s.UseBackgroundLevelStreaming:1]]
LogConfig: Setting CVar [[s.PriorityAsyncLoadingExtraTime:15.0]]
LogConfig: Setting CVar [[s.LevelStreamingActorsUpdateTimeLimit:5.0]]
LogConfig: Setting CVar [[s.PriorityLevelStreamingActorsUpdateExtraTime:5.0]]
LogConfig: Setting CVar [[s.LevelStreamingComponentsRegistrationGranularity:10]]
LogConfig: Setting CVar [[s.UnregisterComponentsTimeLimit:1.0]]
LogConfig: Setting CVar [[s.LevelStreamingComponentsUnregistrationGranularity:5]]
LogConfig: Setting CVar [[s.FlushStreamingOnExit:1]]
LogInit: Object subsystem initialized
LogConfig: Setting CVar [[con.DebugEarlyDefault:1]]
LogConfig: Setting CVar [[r.setres:1280x720]]
[2023.01.14-09.29.24:577][  0]LogConfig: Setting CVar [[r.VSync:0]]
[2023.01.14-09.29.24:577][  0]LogConfig: Setting CVar [[r.RHICmdBypass:0]]
[2023.01.14-09.29.24:577][  0]LogConfig: Applying CVar settings from Section [/Script/Engine.RendererSettings] File [X:/FNProject/FNPROJECT/UnrealProject/Turtles/Saved/Config/Windows/Engine.ini]
[2023.01.14-09.29.24:578][  0]LogConfig: Setting CVar [[r.GPUCrashDebugging:0]]
[2023.01.14-09.29.24:578][  0]LogConfig: Applying CVar settings from Section [/Script/Engine.RendererOverrideSettings] File [X:/FNProject/FNPROJECT/UnrealProject/Turtles/Saved/Config/Windows/Engine.ini]
[2023.01.14-09.29.24:578][  0]LogConfig: Applying CVar settings from Section [/Script/Engine.StreamingSettings] File [X:/FNProject/FNPROJECT/UnrealProject/Turtles/Saved/Config/Windows/Engine.ini]
[2023.01.14-09.29.24:578][  0]LogConfig: Setting CVar [[s.MinBulkDataSizeForAsyncLoading:131072]]
[2023.01.14-09.29.24:578][  0]LogConfig: Setting CVar [[s.AsyncLoadingThreadEnabled:0]]
[2023.01.14-09.29.24:578][  0]LogConfig: Setting CVar [[s.EventDrivenLoaderEnabled:1]]
[2023.01.14-09.29.24:578][  0]LogConfig: Setting CVar [[s.WarnIfTimeLimitExceeded:0]]
[2023.01.14-09.29.24:578][  0]LogConfig: Setting CVar [[s.TimeLimitExceededMultiplier:1.5]]
[2023.01.14-09.29.24:578][  0]LogConfig: Setting CVar [[s.TimeLimitExceededMinTime:0.005]]
[2023.01.14-09.29.24:578][  0]LogConfig: Setting CVar [[s.UseBackgroundLevelStreaming:1]]
[2023.01.14-09.29.24:578][  0]LogConfig: Setting CVar [[s.PriorityAsyncLoadingExtraTime:15.0]]
[2023.01.14-09.29.24:578][  0]LogConfig: Setting CVar [[s.LevelStreamingActorsUpdateTimeLimit:5.0]]
[2023.01.14-09.29.24:578][  0]LogConfig: Setting CVar [[s.PriorityLevelStreamingActorsUpdateExtraTime:5.0]]
[2023.01.14-09.29.24:578][  0]LogConfig: Setting CVar [[s.LevelStreamingComponentsRegistrationGranularity:10]]
[2023.01.14-09.29.24:578][  0]LogConfig: Setting CVar [[s.UnregisterComponentsTimeLimit:1.0]]
[2023.01.14-09.29.24:578][  0]LogConfig: Setting CVar [[s.LevelStreamingComponentsUnregistrationGranularity:5]]
[2023.01.14-09.29.24:578][  0]LogConfig: Setting CVar [[s.FlushStreamingOnExit:1]]
[2023.01.14-09.29.24:578][  0]LogConfig: Applying CVar settings from Section [/Script/Engine.GarbageCollectionSettings] File [X:/FNProject/FNPROJECT/UnrealProject/Turtles/Saved/Config/Windows/Engine.ini]
[2023.01.14-09.29.24:578][  0]LogConfig: Setting CVar [[gc.MaxObjectsNotConsideredByGC:1]]
[2023.01.14-09.29.24:578][  0]LogConfig: Setting CVar [[gc.SizeOfPermanentObjectPool:0]]
[2023.01.14-09.29.24:578][  0]LogConfig: Setting CVar [[gc.FlushStreamingOnGC:0]]
[2023.01.14-09.29.24:578][  0]LogConfig: Setting CVar [[gc.NumRetriesBeforeForcingGC:10]]
[2023.01.14-09.29.24:578][  0]LogConfig: Setting CVar [[gc.AllowParallelGC:1]]
[2023.01.14-09.29.24:578][  0]LogConfig: Setting CVar [[gc.TimeBetweenPurgingPendingKillObjects:61.1]]
[2023.01.14-09.29.24:578][  0]LogConfig: Setting CVar [[gc.MaxObjectsInEditor:25165824]]
[2023.01.14-09.29.24:578][  0]LogConfig: Setting CVar [[gc.IncrementalBeginDestroyEnabled:1]]
[2023.01.14-09.29.24:578][  0]LogConfig: Setting CVar [[gc.CreateGCClusters:1]]
[2023.01.14-09.29.24:578][  0]LogConfig: Setting CVar [[gc.MinGCClusterSize:5]]
[2023.01.14-09.29.24:578][  0]LogConfig: Setting CVar [[gc.ActorClusteringEnabled:0]]
[2023.01.14-09.29.24:578][  0]LogConfig: Setting CVar [[gc.BlueprintClusteringEnabled:0]]
[2023.01.14-09.29.24:578][  0]LogConfig: Setting CVar [[gc.UseDisregardForGCOnDedicatedServers:0]]
[2023.01.14-09.29.24:578][  0]LogConfig: Setting CVar [[gc.MultithreadedDestructionEnabled:1]]
[2023.01.14-09.29.24:578][  0]LogConfig: Applying CVar settings from Section [/Script/Engine.NetworkSettings] File [X:/FNProject/FNPROJECT/UnrealProject/Turtles/Saved/Config/Windows/Engine.ini]
[2023.01.14-09.29.24:578][  0]LogConfig: Applying CVar settings from Section [/Script/UnrealEd.CookerSettings] File [X:/FNProject/FNPROJECT/UnrealProject/Turtles/Saved/Config/Windows/Engine.ini]
[2023.01.14-09.29.24:592][  0]LogConfig: Applying CVar settings from Section [ViewDistanceQuality@3] File [X:/FNProject/FNPROJECT/UnrealProject/Turtles/Saved/Config/Windows/Scalability.ini]
[2023.01.14-09.29.24:592][  0]LogConfig: Setting CVar [[r.SkeletalMeshLODBias:0]]
[2023.01.14-09.29.24:592][  0]LogConfig: Setting CVar [[r.ViewDistanceScale:1.0]]
[2023.01.14-09.29.24:592][  0]LogConfig: Applying CVar settings from Section [AntiAliasingQuality@3] File [X:/FNProject/FNPROJECT/UnrealProject/Turtles/Saved/Config/Windows/Scalability.ini]
[2023.01.14-09.29.24:592][  0]LogConfig: Setting CVar [[r.PostProcessAAQuality:4]]
[2023.01.14-09.29.24:592][  0]LogConfig: Applying CVar settings from Section [ShadowQuality@3] File [X:/FNProject/FNPROJECT/UnrealProject/Turtles/Saved/Config/Windows/Scalability.ini]
[2023.01.14-09.29.24:592][  0]LogConfig: Setting CVar [[r.LightFunctionQuality:1]]
[2023.01.14-09.29.24:592][  0]LogConfig: Setting CVar [[r.ShadowQuality:5]]
[2023.01.14-09.29.24:592][  0]LogConfig: Setting CVar [[r.Shadow.CSM.MaxCascades:10]]
[2023.01.14-09.29.24:592][  0]LogConfig: Setting CVar [[r.Shadow.MaxResolution:2048]]
[2023.01.14-09.29.24:592][  0]LogConfig: Setting CVar [[r.Shadow.MaxCSMResolution:2048]]
[2023.01.14-09.29.24:592][  0]LogConfig: Setting CVar [[r.Shadow.RadiusThreshold:0.01]]
[2023.01.14-09.29.24:593][  0]LogConfig: Setting CVar [[r.Shadow.DistanceScale:1.0]]
[2023.01.14-09.29.24:593][  0]LogConfig: Setting CVar [[r.Shadow.CSM.TransitionScale:1.0]]
[2023.01.14-09.29.24:593][  0]LogConfig: Setting CVar [[r.Shadow.PreShadowResolutionFactor:1.0]]
[2023.01.14-09.29.24:593][  0]LogConfig: Setting CVar [[r.DistanceFieldShadowing:1]]
[2023.01.14-09.29.24:593][  0]LogConfig: Setting CVar [[r.DistanceFieldAO:1]]
[2023.01.14-09.29.24:593][  0]LogConfig: Setting CVar [[r.AOQuality:2]]
[2023.01.14-09.29.24:593][  0]LogConfig: Setting CVar [[r.VolumetricFog:1]]
[2023.01.14-09.29.24:593][  0]LogConfig: Setting CVar [[r.VolumetricFog.GridPixelSize:8]]
[2023.01.14-09.29.24:593][  0]LogConfig: Setting CVar [[r.VolumetricFog.GridSizeZ:128]]
[2023.01.14-09.29.24:593][  0]LogConfig: Setting CVar [[r.VolumetricFog.HistoryMissSupersampleCount:4]]
[2023.01.14-09.29.24:593][  0]LogConfig: Setting CVar [[r.LightMaxDrawDistanceScale:1]]
[2023.01.14-09.29.24:593][  0]LogConfig: Setting CVar [[r.CapsuleShadows:1]]
[2023.01.14-09.29.24:593][  0]LogConfig: Applying CVar settings from Section [PostProcessQuality@3] File [X:/FNProject/FNPROJECT/UnrealProject/Turtles/Saved/Config/Windows/Scalability.ini]
[2023.01.14-09.29.24:593][  0]LogConfig: Setting CVar [[r.MotionBlurQuality:4]]
[2023.01.14-09.29.24:593][  0]LogConfig: Setting CVar [[r.AmbientOcclusionMipLevelFactor:0.4]]
[2023.01.14-09.29.24:593][  0]LogConfig: Setting CVar [[r.AmbientOcclusionMaxQuality:100]]
[2023.01.14-09.29.24:593][  0]LogConfig: Setting CVar [[r.AmbientOcclusionLevels:-1]]
[2023.01.14-09.29.24:593][  0]LogConfig: Setting CVar [[r.AmbientOcclusionRadiusScale:1.0]]
[2023.01.14-09.29.24:593][  0]LogConfig: Setting CVar [[r.DepthOfFieldQuality:2]]
[2023.01.14-09.29.24:593][  0]LogConfig: Setting CVar [[r.RenderTargetPoolMin:400]]
[2023.01.14-09.29.24:593][  0]LogConfig: Setting CVar [[r.LensFlareQuality:2]]
[2023.01.14-09.29.24:593][  0]LogConfig: Setting CVar [[r.SceneColorFringeQuality:1]]
[2023.01.14-09.29.24:593][  0]LogConfig: Setting CVar [[r.EyeAdaptationQuality:2]]
[2023.01.14-09.29.24:593][  0]LogConfig: Setting CVar [[r.BloomQuality:5]]
[2023.01.14-09.29.24:593][  0]LogConfig: Setting CVar [[r.FastBlurThreshold:100]]
[2023.01.14-09.29.24:593][  0]LogConfig: Setting CVar [[r.Upscale.Quality:3]]
[2023.01.14-09.29.24:593][  0]LogConfig: Setting CVar [[r.Tonemapper.GrainQuantization:1]]
[2023.01.14-09.29.24:593][  0]LogConfig: Setting CVar [[r.LightShaftQuality:1]]
[2023.01.14-09.29.24:593][  0]LogConfig: Setting CVar [[r.Filter.SizeScale:1]]
[2023.01.14-09.29.24:593][  0]LogConfig: Setting CVar [[r.Tonemapper.Quality:5]]
[2023.01.14-09.29.24:593][  0]LogConfig: Setting CVar [[r.DOF.Gather.AccumulatorQuality:1        ; higher gathering accumulator quality]]
[2023.01.14-09.29.24:593][  0]LogConfig: Setting CVar [[r.DOF.Gather.PostfilterMethod:1          ; Median3x3 postfilering method]]
[2023.01.14-09.29.24:593][  0]LogConfig: Setting CVar [[r.DOF.Gather.EnableBokehSettings:0       ; no bokeh simulation when gathering]]
[2023.01.14-09.29.24:593][  0]LogConfig: Setting CVar [[r.DOF.Gather.RingCount:4                 ; medium number of samples when gathering]]
[2023.01.14-09.29.24:593][  0]LogConfig: Setting CVar [[r.DOF.Scatter.ForegroundCompositing:1    ; additive foreground scattering]]
[2023.01.14-09.29.24:593][  0]LogConfig: Setting CVar [[r.DOF.Scatter.BackgroundCompositing:2    ; additive background scattering]]
[2023.01.14-09.29.24:593][  0]LogConfig: Setting CVar [[r.DOF.Scatter.EnableBokehSettings:1      ; bokeh simulation when scattering]]
[2023.01.14-09.29.24:593][  0]LogConfig: Setting CVar [[r.DOF.Scatter.MaxSpriteRatio:0.1         ; only a maximum of 10% of scattered bokeh]]
[2023.01.14-09.29.24:593][  0]LogConfig: Setting CVar [[r.DOF.Recombine.Quality:1                ; cheap slight out of focus]]
[2023.01.14-09.29.24:593][  0]LogConfig: Setting CVar [[r.DOF.Recombine.EnableBokehSettings:0    ; no bokeh simulation on slight out of focus]]
[2023.01.14-09.29.24:593][  0]LogConfig: Setting CVar [[r.DOF.TemporalAAQuality:1                ; more stable temporal accumulation]]
[2023.01.14-09.29.24:593][  0]LogConfig: Setting CVar [[r.DOF.Kernel.MaxForegroundRadius:0.025]]
[2023.01.14-09.29.24:593][  0]LogConfig: Setting CVar [[r.DOF.Kernel.MaxBackgroundRadius:0.025]]
[2023.01.14-09.29.24:593][  0]LogConfig: Applying CVar settings from Section [TextureQuality@3] File [X:/FNProject/FNPROJECT/UnrealProject/Turtles/Saved/Config/Windows/Scalability.ini]
[2023.01.14-09.29.24:593][  0]LogConfig: Setting CVar [[r.Streaming.MipBias:0]]
[2023.01.14-09.29.24:593][  0]LogConfig: Setting CVar [[r.Streaming.AmortizeCPUToGPUCopy:0]]
[2023.01.14-09.29.24:593][  0]LogConfig: Setting CVar [[r.Streaming.MaxNumTexturesToStreamPerFrame:0]]
[2023.01.14-09.29.24:593][  0]LogConfig: Setting CVar [[r.Streaming.Boost:1]]
[2023.01.14-09.29.24:593][  0]LogConfig: Setting CVar [[r.MaxAnisotropy:8]]
[2023.01.14-09.29.24:593][  0]LogConfig: Setting CVar [[r.VT.MaxAnisotropy:8]]
[2023.01.14-09.29.24:593][  0]LogConfig: Setting CVar [[r.Streaming.LimitPoolSizeToVRAM:0]]
[2023.01.14-09.29.24:593][  0]LogConfig: Setting CVar [[r.Streaming.PoolSize:1000]]
[2023.01.14-09.29.24:593][  0]LogConfig: Setting CVar [[r.Streaming.MaxEffectiveScreenSize:0]]
[2023.01.14-09.29.24:593][  0]LogConfig: Applying CVar settings from Section [EffectsQuality@3] File [X:/FNProject/FNPROJECT/UnrealProject/Turtles/Saved/Config/Windows/Scalability.ini]
[2023.01.14-09.29.24:593][  0]LogConfig: Setting CVar [[r.TranslucencyLightingVolumeDim:64]]
[2023.01.14-09.29.24:593][  0]LogConfig: Setting CVar [[r.RefractionQuality:2]]
[2023.01.14-09.29.24:593][  0]LogConfig: Setting CVar [[r.SSR.Quality:3]]
[2023.01.14-09.29.24:593][  0]LogConfig: Setting CVar [[r.SSR.HalfResSceneColor:0]]
[2023.01.14-09.29.24:593][  0]LogConfig: Setting CVar [[r.SceneColorFormat:4]]
[2023.01.14-09.29.24:593][  0]LogConfig: Setting CVar [[r.DetailMode:2]]
[2023.01.14-09.29.24:593][  0]LogConfig: Setting CVar [[r.TranslucencyVolumeBlur:1]]
[2023.01.14-09.29.24:593][  0]LogConfig: Setting CVar [[r.MaterialQualityLevel:1 ; High quality]]
[2023.01.14-09.29.24:593][  0]LogConfig: Setting CVar [[r.AnisotropicMaterials:1]]
[2023.01.14-09.29.24:593][  0]LogConfig: Setting CVar [[r.SSS.Scale:1]]
[2023.01.14-09.29.24:593][  0]LogConfig: Setting CVar [[r.SSS.SampleSet:2]]
[2023.01.14-09.29.24:593][  0]LogConfig: Setting CVar [[r.SSS.Quality:1]]
[2023.01.14-09.29.24:593][  0]LogConfig: Setting CVar [[r.SSS.HalfRes:0]]
[2023.01.14-09.29.24:593][  0]LogConfig: Setting CVar [[r.SSGI.Quality:3]]
[2023.01.14-09.29.24:593][  0]LogConfig: Setting CVar [[r.EmitterSpawnRateScale:1.0]]
[2023.01.14-09.29.24:593][  0]LogConfig: Setting CVar [[r.ParticleLightQuality:2]]
[2023.01.14-09.29.24:593][  0]LogConfig: Setting CVar [[r.SkyAtmosphere.AerialPerspectiveLUT.FastApplyOnOpaque:1 ; Always have FastSkyLUT 1 in this case to avoid wrong sky]]
[2023.01.14-09.29.24:593][  0]LogConfig: Setting CVar [[r.SkyAtmosphere.AerialPerspectiveLUT.SampleCountMaxPerSlice:4]]
[2023.01.14-09.29.24:593][  0]LogConfig: Setting CVar [[r.SkyAtmosphere.AerialPerspectiveLUT.DepthResolution:16.0]]
[2023.01.14-09.29.24:593][  0]LogConfig: Setting CVar [[r.SkyAtmosphere.FastSkyLUT:1]]
[2023.01.14-09.29.24:593][  0]LogConfig: Setting CVar [[r.SkyAtmosphere.FastSkyLUT.SampleCountMin:4.0]]
[2023.01.14-09.29.24:593][  0]LogConfig: Setting CVar [[r.SkyAtmosphere.FastSkyLUT.SampleCountMax:128.0]]
[2023.01.14-09.29.24:594][  0]LogConfig: Setting CVar [[r.SkyAtmosphere.SampleCountMin:4.0]]
[2023.01.14-09.29.24:594][  0]LogConfig: Setting CVar [[r.SkyAtmosphere.SampleCountMax:128.0]]
[2023.01.14-09.29.24:594][  0]LogConfig: Setting CVar [[r.SkyAtmosphere.TransmittanceLUT.UseSmallFormat:0]]
[2023.01.14-09.29.24:594][  0]LogConfig: Setting CVar [[r.SkyAtmosphere.TransmittanceLUT.SampleCount:10.0]]
[2023.01.14-09.29.24:594][  0]LogConfig: Setting CVar [[r.SkyAtmosphere.MultiScatteringLUT.SampleCount:15.0]]
[2023.01.14-09.29.24:594][  0]LogConfig: Setting CVar [[r.SkyLight.RealTimeReflectionCapture:1]]
[2023.01.14-09.29.24:594][  0]LogConfig: Applying CVar settings from Section [FoliageQuality@3] File [X:/FNProject/FNPROJECT/UnrealProject/Turtles/Saved/Config/Windows/Scalability.ini]
[2023.01.14-09.29.24:594][  0]LogConfig: Setting CVar [[foliage.DensityScale:1.0]]
[2023.01.14-09.29.24:594][  0]LogConfig: Setting CVar [[grass.DensityScale:1.0]]
[2023.01.14-09.29.24:594][  0]LogConfig: Applying CVar settings from Section [ShadingQuality@3] File [X:/FNProject/FNPROJECT/UnrealProject/Turtles/Saved/Config/Windows/Scalability.ini]
[2023.01.14-09.29.24:594][  0]LogConfig: Setting CVar [[r.HairStrands.SkyLighting.IntegrationType:2]]
[2023.01.14-09.29.24:594][  0]LogConfig: Setting CVar [[r.HairStrands.SkyAO.SampleCount:4]]
[2023.01.14-09.29.24:594][  0]LogConfig: Setting CVar [[r.HairStrands.Visibility.MSAA.SamplePerPixel:4]]
[2023.01.14-09.29.24:594][  0]LogInit: Selected Device Profile: [Windows]
[2023.01.14-09.29.24:594][  0]LogInit: Applying CVar settings loaded from the selected device profile: [Windows]
[2023.01.14-09.29.24:594][  0]LogHAL: Display: Platform has ~ 32 GB [34290020352 / 34359738368 / 32], which maps to Largest [LargestMinGB=32, LargerMinGB=12, DefaultMinGB=8, SmallerMinGB=6, SmallestMinGB=0)
[2023.01.14-09.29.24:594][  0]LogInit: Going up to parent DeviceProfile []
[2023.01.14-09.29.24:594][  0]LogConfig: Applying CVar settings from Section [ViewDistanceQuality@1] File [X:/FNProject/FNPROJECT/UnrealProject/Turtles/Saved/Config/Windows/Scalability.ini]
[2023.01.14-09.29.24:594][  0]LogConfig: Setting CVar [[r.SkeletalMeshLODBias:1]]
[2023.01.14-09.29.24:594][  0]LogConfig: Setting CVar [[r.ViewDistanceScale:0.6]]
[2023.01.14-09.29.24:594][  0]LogConfig: Applying CVar settings from Section [AntiAliasingQuality@1] File [X:/FNProject/FNPROJECT/UnrealProject/Turtles/Saved/Config/Windows/Scalability.ini]
[2023.01.14-09.29.24:594][  0]LogConfig: Setting CVar [[r.PostProcessAAQuality:2]]
[2023.01.14-09.29.24:594][  0]LogConfig: Applying CVar settings from Section [ShadowQuality@1] File [X:/FNProject/FNPROJECT/UnrealProject/Turtles/Saved/Config/Windows/Scalability.ini]
[2023.01.14-09.29.24:594][  0]LogConfig: Setting CVar [[r.LightFunctionQuality:1]]
[2023.01.14-09.29.24:594][  0]LogConfig: Setting CVar [[r.ShadowQuality:3]]
[2023.01.14-09.29.24:594][  0]LogConfig: Setting CVar [[r.Shadow.CSM.MaxCascades:1]]
[2023.01.14-09.29.24:594][  0]LogConfig: Setting CVar [[r.Shadow.MaxResolution:1024]]
[2023.01.14-09.29.24:594][  0]LogConfig: Setting CVar [[r.Shadow.MaxCSMResolution:1024]]
[2023.01.14-09.29.24:594][  0]LogConfig: Setting CVar [[r.Shadow.RadiusThreshold:0.05]]
[2023.01.14-09.29.24:594][  0]LogConfig: Setting CVar [[r.Shadow.DistanceScale:0.7]]
[2023.01.14-09.29.24:594][  0]LogConfig: Setting CVar [[r.Shadow.CSM.TransitionScale:0.25]]
[2023.01.14-09.29.24:594][  0]LogConfig: Setting CVar [[r.Shadow.PreShadowResolutionFactor:0.5]]
[2023.01.14-09.29.24:594][  0]LogConfig: Setting CVar [[r.DistanceFieldShadowing:0]]
[2023.01.14-09.29.24:594][  0]LogConfig: Setting CVar [[r.DistanceFieldAO:0]]
[2023.01.14-09.29.24:594][  0]LogConfig: Setting CVar [[r.VolumetricFog:0]]
[2023.01.14-09.29.24:594][  0]LogConfig: Setting CVar [[r.LightMaxDrawDistanceScale:.5]]
[2023.01.14-09.29.24:594][  0]LogConfig: Setting CVar [[r.CapsuleShadows:1]]
[2023.01.14-09.29.24:594][  0]LogConfig: Applying CVar settings from Section [PostProcessQuality@1] File [X:/FNProject/FNPROJECT/UnrealProject/Turtles/Saved/Config/Windows/Scalability.ini]
[2023.01.14-09.29.24:594][  0]LogConfig: Setting CVar [[r.MotionBlurQuality:3]]
[2023.01.14-09.29.24:594][  0]LogConfig: Setting CVar [[r.AmbientOcclusionMipLevelFactor:1.0]]
[2023.01.14-09.29.24:594][  0]LogConfig: Setting CVar [[r.AmbientOcclusionMaxQuality:60]]
[2023.01.14-09.29.24:594][  0]LogConfig: Setting CVar [[r.AmbientOcclusionLevels:-1]]
[2023.01.14-09.29.24:594][  0]LogConfig: Setting CVar [[r.AmbientOcclusionRadiusScale:1.5]]
[2023.01.14-09.29.24:594][  0]LogConfig: Setting CVar [[r.DepthOfFieldQuality:1]]
[2023.01.14-09.29.24:594][  0]LogConfig: Setting CVar [[r.RenderTargetPoolMin:350]]
[2023.01.14-09.29.24:594][  0]LogConfig: Setting CVar [[r.LensFlareQuality:0]]
[2023.01.14-09.29.24:594][  0]LogConfig: Setting CVar [[r.SceneColorFringeQuality:0]]
[2023.01.14-09.29.24:594][  0]LogConfig: Setting CVar [[r.EyeAdaptationQuality:2]]
[2023.01.14-09.29.24:594][  0]LogConfig: Setting CVar [[r.BloomQuality:4]]
[2023.01.14-09.29.24:594][  0]LogConfig: Setting CVar [[r.FastBlurThreshold:2]]
[2023.01.14-09.29.24:594][  0]LogConfig: Setting CVar [[r.Upscale.Quality:2]]
[2023.01.14-09.29.24:594][  0]LogConfig: Setting CVar [[r.Tonemapper.GrainQuantization:0]]
[2023.01.14-09.29.24:594][  0]LogConfig: Setting CVar [[r.LightShaftQuality:0]]
[2023.01.14-09.29.24:594][  0]LogConfig: Setting CVar [[r.Filter.SizeScale:0.7]]
[2023.01.14-09.29.24:594][  0]LogConfig: Setting CVar [[r.Tonemapper.Quality:2]]
[2023.01.14-09.29.24:594][  0]LogConfig: Setting CVar [[r.DOF.Gather.AccumulatorQuality:0        ; lower gathering accumulator quality]]
[2023.01.14-09.29.24:594][  0]LogConfig: Setting CVar [[r.DOF.Gather.PostfilterMethod:2          ; Max3x3 postfilering method]]
[2023.01.14-09.29.24:594][  0]LogConfig: Setting CVar [[r.DOF.Gather.EnableBokehSettings:0       ; no bokeh simulation when gathering]]
[2023.01.14-09.29.24:594][  0]LogConfig: Setting CVar [[r.DOF.Gather.RingCount:3                 ; low number of samples when gathering]]
[2023.01.14-09.29.24:594][  0]LogConfig: Setting CVar [[r.DOF.Scatter.ForegroundCompositing:0    ; no foreground scattering]]
[2023.01.14-09.29.24:594][  0]LogConfig: Setting CVar [[r.DOF.Scatter.BackgroundCompositing:0    ; no foreground scattering]]
[2023.01.14-09.29.24:594][  0]LogConfig: Setting CVar [[r.DOF.Recombine.Quality:0                ; no slight out of focus]]
[2023.01.14-09.29.24:594][  0]LogConfig: Setting CVar [[r.DOF.TemporalAAQuality:0                ; faster temporal accumulation]]
[2023.01.14-09.29.24:594][  0]LogConfig: Setting CVar [[r.DOF.Kernel.MaxForegroundRadius:0.006   ; required because low gathering and no scattering and not looking great at 1080p]]
[2023.01.14-09.29.24:594][  0]LogConfig: Setting CVar [[r.DOF.Kernel.MaxBackgroundRadius:0.006   ; required because low gathering and no scattering and not looking great at 1080p]]
[2023.01.14-09.29.24:594][  0]LogConfig: Applying CVar settings from Section [TextureQuality@1] File [X:/FNProject/FNPROJECT/UnrealProject/Turtles/Saved/Config/Windows/Scalability.ini]
[2023.01.14-09.29.24:594][  0]LogConfig: Setting CVar [[r.Streaming.MipBias:1]]
[2023.01.14-09.29.24:594][  0]LogConfig: Setting CVar [[r.Streaming.AmortizeCPUToGPUCopy:0]]
[2023.01.14-09.29.24:594][  0]LogConfig: Setting CVar [[r.Streaming.MaxNumTexturesToStreamPerFrame:0]]
[2023.01.14-09.29.24:594][  0]LogConfig: Setting CVar [[r.Streaming.Boost:1]]
[2023.01.14-09.29.24:594][  0]LogConfig: Setting CVar [[r.MaxAnisotropy:2]]
[2023.01.14-09.29.24:594][  0]LogConfig: Setting CVar [[r.VT.MaxAnisotropy:4]]
[2023.01.14-09.29.24:595][  0]LogConfig: Setting CVar [[r.Streaming.LimitPoolSizeToVRAM:1]]
[2023.01.14-09.29.24:595][  0]LogConfig: Setting CVar [[r.Streaming.PoolSize:600]]
[2023.01.14-09.29.24:595][  0]LogConfig: Setting CVar [[r.Streaming.MaxEffectiveScreenSize:0]]
[2023.01.14-09.29.24:595][  0]LogConfig: Applying CVar settings from Section [EffectsQuality@1] File [X:/FNProject/FNPROJECT/UnrealProject/Turtles/Saved/Config/Windows/Scalability.ini]
[2023.01.14-09.29.24:595][  0]LogConfig: Setting CVar [[r.TranslucencyLightingVolumeDim:32]]
[2023.01.14-09.29.24:595][  0]LogConfig: Setting CVar [[r.RefractionQuality:0]]
[2023.01.14-09.29.24:595][  0]LogConfig: Setting CVar [[r.SSR.Quality:0]]
[2023.01.14-09.29.24:595][  0]LogConfig: Setting CVar [[r.SSR.HalfResSceneColor:1]]
[2023.01.14-09.29.24:595][  0]LogConfig: Setting CVar [[r.SceneColorFormat:3]]
[2023.01.14-09.29.24:595][  0]LogConfig: Setting CVar [[r.DetailMode:1]]
[2023.01.14-09.29.24:595][  0]LogConfig: Setting CVar [[r.TranslucencyVolumeBlur:0]]
[2023.01.14-09.29.24:595][  0]LogConfig: Setting CVar [[r.MaterialQualityLevel:2 ; Medium quality]]
[2023.01.14-09.29.24:595][  0]LogConfig: Setting CVar [[r.AnisotropicMaterials:0]]
[2023.01.14-09.29.24:595][  0]LogConfig: Setting CVar [[r.SSS.Scale:0.75]]
[2023.01.14-09.29.24:595][  0]LogConfig: Setting CVar [[r.SSS.SampleSet:0]]
[2023.01.14-09.29.24:595][  0]LogConfig: Setting CVar [[r.SSS.Quality:0]]
[2023.01.14-09.29.24:595][  0]LogConfig: Setting CVar [[r.SSS.HalfRes:1]]
[2023.01.14-09.29.24:595][  0]LogConfig: Setting CVar [[r.SSGI.Quality:1]]
[2023.01.14-09.29.24:595][  0]LogConfig: Setting CVar [[r.EmitterSpawnRateScale:0.25]]
[2023.01.14-09.29.24:595][  0]LogConfig: Setting CVar [[r.ParticleLightQuality:0]]
[2023.01.14-09.29.24:595][  0]LogConfig: Setting CVar [[r.SkyAtmosphere.AerialPerspectiveLUT.FastApplyOnOpaque:1 ; Always have FastSkyLUT 1 in this case to avoid wrong sky]]
[2023.01.14-09.29.24:595][  0]LogConfig: Setting CVar [[r.SkyAtmosphere.AerialPerspectiveLUT.SampleCountMaxPerSlice:1]]
[2023.01.14-09.29.24:595][  0]LogConfig: Setting CVar [[r.SkyAtmosphere.AerialPerspectiveLUT.DepthResolution:16.0]]
[2023.01.14-09.29.24:595][  0]LogConfig: Setting CVar [[r.SkyAtmosphere.FastSkyLUT:1]]
[2023.01.14-09.29.24:595][  0]LogConfig: Setting CVar [[r.SkyAtmosphere.FastSkyLUT.SampleCountMin:4.0]]
[2023.01.14-09.29.24:595][  0]LogConfig: Setting CVar [[r.SkyAtmosphere.FastSkyLUT.SampleCountMax:32.0]]
[2023.01.14-09.29.24:595][  0]LogConfig: Setting CVar [[r.SkyAtmosphere.SampleCountMin:4.0]]
[2023.01.14-09.29.24:595][  0]LogConfig: Setting CVar [[r.SkyAtmosphere.SampleCountMax:32.0]]
[2023.01.14-09.29.24:595][  0]LogConfig: Setting CVar [[r.SkyAtmosphere.TransmittanceLUT.UseSmallFormat:0]]
[2023.01.14-09.29.24:595][  0]LogConfig: Setting CVar [[r.SkyAtmosphere.TransmittanceLUT.SampleCount:10.0]]
[2023.01.14-09.29.24:595][  0]LogConfig: Setting CVar [[r.SkyAtmosphere.MultiScatteringLUT.SampleCount:15.0]]
[2023.01.14-09.29.24:595][  0]LogConfig: Setting CVar [[r.SkyLight.RealTimeReflectionCapture:0]]
[2023.01.14-09.29.24:595][  0]LogConfig: Applying CVar settings from Section [FoliageQuality@1] File [X:/FNProject/FNPROJECT/UnrealProject/Turtles/Saved/Config/Windows/Scalability.ini]
[2023.01.14-09.29.24:595][  0]LogConfig: Setting CVar [[foliage.DensityScale:0.4]]
[2023.01.14-09.29.24:595][  0]LogConfig: Setting CVar [[grass.DensityScale:0.4]]
[2023.01.14-09.29.24:595][  0]LogConfig: Applying CVar settings from Section [ShadingQuality@1] File [X:/FNProject/FNPROJECT/UnrealProject/Turtles/Saved/Config/Windows/Scalability.ini]
[2023.01.14-09.29.24:595][  0]LogConfig: Setting CVar [[r.HairStrands.SkyLighting.IntegrationType:2]]
[2023.01.14-09.29.24:595][  0]LogConfig: Setting CVar [[r.HairStrands.SkyAO.SampleCount:4]]
[2023.01.14-09.29.24:595][  0]LogConfig: Setting CVar [[r.HairStrands.Visibility.MSAA.SamplePerPixel:1]]
[2023.01.14-09.29.24:595][  0]LogConfig: Applying CVar settings from Section [Startup] File [../../../Engine/Config/ConsoleVariables.ini]
[2023.01.14-09.29.24:595][  0]LogConfig: Setting CVar [[net.UseAdaptiveNetUpdateFrequency:0]]
[2023.01.14-09.29.24:595][  0]LogConfig: Setting CVar [[p.chaos.AllowCreatePhysxBodies:1]]
[2023.01.14-09.29.24:595][  0]LogConfig: Setting CVar [[fx.SkipVectorVMBackendOptimizations:1]]
[2023.01.14-09.29.24:595][  0]LogConfig: Applying CVar settings from Section [ConsoleVariables] File [X:/FNProject/FNPROJECT/UnrealProject/Turtles/Saved/Config/Windows/Engine.ini]
[2023.01.14-09.29.24:595][  0]LogConfig: Applying CVar settings from Section [ConsoleVariables] File [X:/FNProject/FNPROJECT/UnrealProject/Turtles/Saved/Config/Windows/Editor.ini]
[2023.01.14-09.29.24:595][  0]LogInit: Computer: DESKTOP-FR1N1U2
[2023.01.14-09.29.24:595][  0]LogInit: User: ALIBEK
[2023.01.14-09.29.24:595][  0]LogInit: CPU Page size=4096, Cores=4
[2023.01.14-09.29.24:595][  0]LogInit: High frequency timer resolution =10.000000 MHz
[2023.01.14-09.29.24:596][  0]LogMemory: Memory total: Physical=31.9GB (32GB approx)
[2023.01.14-09.29.24:596][  0]LogMemory: Platform Memory Stats for Windows
[2023.01.14-09.29.24:596][  0]LogMemory: Process Physical Memory: 144.20 MB used, 144.21 MB peak
[2023.01.14-09.29.24:596][  0]LogMemory: Process Virtual Memory: 114.34 MB used, 114.34 MB peak
[2023.01.14-09.29.24:596][  0]LogMemory: Physical Memory: 5542.05 MB used,  27159.46 MB free, 32701.51 MB total
[2023.01.14-09.29.24:596][  0]LogMemory: Virtual Memory: 134192488.00 MB used,  25237.61 MB free, 134217728.00 MB total
[2023.01.14-09.29.24:600][  0]LogWindows: WindowsPlatformFeatures enabled
[2023.01.14-09.29.24:645][  0]LogInit: Physics initialised using underlying interface: PhysX
[2023.01.14-09.29.24:647][  0]LogInit: Using OS detected language (en-US).
[2023.01.14-09.29.24:647][  0]LogInit: Using OS detected locale (en-US).
[2023.01.14-09.29.24:648][  0]LogTextLocalizationManager: No specific localization for 'en-US' exists, so the 'en' localization will be used.
[2023.01.14-09.29.24:849][  0]LogInit: Setting process to per monitor DPI aware
[2023.01.14-09.29.24:863][  0]LogWindowsTextInputMethodSystem: Display: IME system deactivated.
[2023.01.14-09.29.24:883][  0]LogSlate: New Slate User Created.  User Index 0, Is Virtual User: 0
[2023.01.14-09.29.24:883][  0]LogSlate: Slate User Registered.  User Index 0, Is Virtual User: 0
[2023.01.14-09.29.25:099][  0]LogD3D11RHI: Loaded GFSDK_Aftermath_Lib.x64.dll
[2023.01.14-09.29.25:101][  0]LogHMD: Failed to initialize OpenVR with code 110
[2023.01.14-09.29.25:101][  0]LogD3D11RHI: D3D11 min allowed feature level: 11_0
[2023.01.14-09.29.25:101][  0]LogD3D11RHI: D3D11 max allowed feature level: 11_0
[2023.01.14-09.29.25:101][  0]LogD3D11RHI: D3D11 adapters:
[2023.01.14-09.29.25:224][  0]LogD3D11RHI:    0. 'NVIDIA GeForce GTX 1080' (Feature Level 11_0)
[2023.01.14-09.29.25:224][  0]LogD3D11RHI:       8072/0/16350 MB DedicatedVideo/DedicatedSystem/SharedSystem, Outputs:2, VendorId:0x10de
[2023.01.14-09.29.25:227][  0]LogD3D11RHI:    1. 'Microsoft Basic Render Driver' (Feature Level 11_0)
[2023.01.14-09.29.25:227][  0]LogD3D11RHI:       0/0/16350 MB DedicatedVideo/DedicatedSystem/SharedSystem, Outputs:0, VendorId:0x1414
[2023.01.14-09.29.25:227][  0]LogD3D11RHI: Chosen D3D11 Adapter:
[2023.01.14-09.29.25:227][  0]LogD3D11RHI:     Description : NVIDIA GeForce GTX 1080
[2023.01.14-09.29.25:227][  0]LogD3D11RHI:     VendorId    : 10de
[2023.01.14-09.29.25:228][  0]LogD3D11RHI:     DeviceId    : 1b80
[2023.01.14-09.29.25:228][  0]LogD3D11RHI:     SubSysId    : 1b8010de
[2023.01.14-09.29.25:228][  0]LogD3D11RHI:     Revision    : 00a1
[2023.01.14-09.29.25:228][  0]LogD3D11RHI:     DedicatedVideoMemory : 8464105472 bytes
[2023.01.14-09.29.25:228][  0]LogD3D11RHI:     DedicatedSystemMemory : 0 bytes
[2023.01.14-09.29.25:228][  0]LogD3D11RHI:     SharedSystemMemory : 17145010176 bytes
[2023.01.14-09.29.25:228][  0]LogD3D11RHI:     AdapterLuid : 0 46392
[2023.01.14-09.29.25:235][  0]LogD3D11RHI: Creating new Direct3DDevice
[2023.01.14-09.29.25:235][  0]LogD3D11RHI:     GPU DeviceId: 0x1b80 (for the marketing name, search the web for "GPU Device Id")
[2023.01.14-09.29.25:235][  0]LogWindows: EnumDisplayDevices:
[2023.01.14-09.29.25:235][  0]LogWindows:    0. 'NVIDIA GeForce GTX 1080' (P:0 D:1)
[2023.01.14-09.29.25:236][  0]LogWindows:    1. 'NVIDIA GeForce GTX 1080' (P:1 D:1)
[2023.01.14-09.29.25:236][  0]LogWindows:    2. 'NVIDIA GeForce GTX 1080' (P:0 D:0)
[2023.01.14-09.29.25:236][  0]LogWindows:    3. 'NVIDIA GeForce GTX 1080' (P:0 D:0)
[2023.01.14-09.29.25:236][  0]LogWindows: DebugString: FoundDriverCount:4 
[2023.01.14-09.29.25:236][  0]LogD3D11RHI:     Adapter Name: NVIDIA GeForce GTX 1080
[2023.01.14-09.29.25:236][  0]LogD3D11RHI:   Driver Version: 527.56 (internal:31.0.15.2756, unified:527.56)
[2023.01.14-09.29.25:237][  0]LogD3D11RHI:      Driver Date: 12-5-2022
[2023.01.14-09.29.25:237][  0]LogRHI: Texture pool is 5650 MB (70% of 8072 MB)
[2023.01.14-09.29.25:237][  0]LogD3D11RHI: Creating D3DDevice using adapter:
[2023.01.14-09.29.25:237][  0]LogD3D11RHI:     Description : NVIDIA GeForce GTX 1080
[2023.01.14-09.29.25:237][  0]LogD3D11RHI:     VendorId    : 10de
[2023.01.14-09.29.25:237][  0]LogD3D11RHI:     DeviceId    : 1b80
[2023.01.14-09.29.25:237][  0]LogD3D11RHI:     SubSysId    : 1b8010de
[2023.01.14-09.29.25:237][  0]LogD3D11RHI:     Revision    : 00a1
[2023.01.14-09.29.25:237][  0]LogD3D11RHI:     DedicatedVideoMemory : 8464105472 bytes
[2023.01.14-09.29.25:237][  0]LogD3D11RHI:     DedicatedSystemMemory : 0 bytes
[2023.01.14-09.29.25:237][  0]LogD3D11RHI:     SharedSystemMemory : 17145010176 bytes
[2023.01.14-09.29.25:237][  0]LogD3D11RHI:     AdapterLuid : 0 46392
[2023.01.14-09.29.25:313][  0]LogD3D11RHI: RHI has support for 64 bit atomics
[2023.01.14-09.29.25:313][  0]LogD3D11RHI: Async texture creation enabled
[2023.01.14-09.29.25:313][  0]LogD3D11RHI: Array index from any shader is supported
[2023.01.14-09.29.25:335][  0]LogD3D11RHI: GPU Timing Frequency: 1000.000000 (Debug: 2 1)
[2023.01.14-09.29.25:384][  0]LogRHI: GeForceNow SDK initialized: 1
[2023.01.14-09.29.25:680][  0]LogTargetPlatformManager: Display: Loaded TargetPlatform 'AllDesktop'
[2023.01.14-09.29.25:700][  0]LogTargetPlatformManager: Display: Loaded TargetPlatform 'Android'
[2023.01.14-09.29.25:700][  0]LogTargetPlatformManager: Display: Loaded TargetPlatform 'Android_ASTC'
[2023.01.14-09.29.25:700][  0]LogTargetPlatformManager: Display: Loaded TargetPlatform 'Android_DXT'
[2023.01.14-09.29.25:700][  0]LogTargetPlatformManager: Display: Loaded TargetPlatform 'Android_ETC2'
[2023.01.14-09.29.25:700][  0]LogTargetPlatformManager: Display: Loaded TargetPlatform 'AndroidClient'
[2023.01.14-09.29.25:700][  0]LogTargetPlatformManager: Display: Loaded TargetPlatform 'Android_ASTCClient'
[2023.01.14-09.29.25:700][  0]LogTargetPlatformManager: Display: Loaded TargetPlatform 'Android_DXTClient'
[2023.01.14-09.29.25:700][  0]LogTargetPlatformManager: Display: Loaded TargetPlatform 'Android_ETC2Client'
[2023.01.14-09.29.25:700][  0]LogTargetPlatformManager: Display: Loaded TargetPlatform 'Android_Multi'
[2023.01.14-09.29.25:700][  0]LogTargetPlatformManager: Display: Loaded TargetPlatform 'Android_MultiClient'
[2023.01.14-09.29.25:716][  0]LogTargetPlatformManager: Display: Loaded TargetPlatform 'IOSClient'
[2023.01.14-09.29.25:716][  0]LogTargetPlatformManager: Display: Loaded TargetPlatform 'IOS'
[2023.01.14-09.29.25:725][  0]LogTargetPlatformManager: Display: Loaded TargetPlatform 'Linux'
[2023.01.14-09.29.25:729][  0]LogTargetPlatformManager: Display: Loaded TargetPlatform 'LinuxNoEditor'
[2023.01.14-09.29.25:733][  0]LogTargetPlatformManager: Display: Loaded TargetPlatform 'LinuxClient'
[2023.01.14-09.29.25:737][  0]LogTargetPlatformManager: Display: Loaded TargetPlatform 'LinuxServer'
[2023.01.14-09.29.25:744][  0]LogTargetPlatformManager: Display: Loaded TargetPlatform 'LinuxAArch64NoEditor'
[2023.01.14-09.29.25:748][  0]LogTargetPlatformManager: Display: Loaded TargetPlatform 'LinuxAArch64Client'
[2023.01.14-09.29.25:752][  0]LogTargetPlatformManager: Display: Loaded TargetPlatform 'LinuxAArch64Server'
[2023.01.14-09.29.25:774][  0]LogTargetPlatformManager: Display: Loaded TargetPlatform 'Lumin'
[2023.01.14-09.29.25:774][  0]LogTargetPlatformManager: Display: Loaded TargetPlatform 'LuminClient'
[2023.01.14-09.29.25:781][  0]LogTargetPlatformManager: Display: Loaded TargetPlatform 'MacNoEditor'
[2023.01.14-09.29.25:785][  0]LogTargetPlatformManager: Display: Loaded TargetPlatform 'Mac'
[2023.01.14-09.29.25:789][  0]LogTargetPlatformManager: Display: Loaded TargetPlatform 'MacClient'
[2023.01.14-09.29.25:792][  0]LogTargetPlatformManager: Display: Loaded TargetPlatform 'MacServer'
[2023.01.14-09.29.25:801][  0]LogTargetPlatformManager: Display: Loaded TargetPlatform 'TVOSClient'
[2023.01.14-09.29.25:801][  0]LogTargetPlatformManager: Display: Loaded TargetPlatform 'TVOS'
[2023.01.14-09.29.25:809][  0]LogTargetPlatformManager: Display: Loaded TargetPlatform 'WindowsNoEditor'
[2023.01.14-09.29.25:813][  0]LogTargetPlatformManager: Display: Loaded TargetPlatform 'Windows'
[2023.01.14-09.29.25:816][  0]LogTargetPlatformManager: Display: Loaded TargetPlatform 'WindowsClient'
[2023.01.14-09.29.25:820][  0]LogTargetPlatformManager: Display: Loaded TargetPlatform 'WindowsServer'
[2023.01.14-09.29.25:820][  0]LogTargetPlatformManager: Display: Building Assets For Windows
[2023.01.14-09.29.25:826][  0]LogAudioDebug: Display: Lib vorbis DLL was dynamically loaded.
[2023.01.14-09.29.25:852][  0]LogTextureFormatOodle: Display: Oodle Texture 2.9.0 init RDO Off
[2023.01.14-09.29.25:881][  0]LogRendererCore: Ray tracing is disabled. Reason: r.RayTracing=0.
[2023.01.14-09.29.25:881][  0]LogShaderCompilers: Guid format shader working directory is 3 characters bigger than the processId version (X:/FNProject/FNPROJECT/UnrealProject/Turtles/Intermediate/Shaders/WorkingDirectory/5972/).
[2023.01.14-09.29.25:881][  0]LogShaderCompilers: Cleaned the shader compiler working directory 'C:/Users/ALIBEK/AppData/Local/Temp/UnrealShaderWorkingDir/7159BA5D42ACB20A518432B98508D17C/'.
[2023.01.14-09.29.25:881][  0]LogXGEController: Cannot use XGE Controller as Incredibuild is not installed on this machine.
[2023.01.14-09.29.25:881][  0]LogShaderCompilers: Cannot use XGE Shader Compiler as Incredibuild is not installed on this machine.
[2023.01.14-09.29.25:881][  0]LogShaderCompilers: Display: Using Local Shader Compiler.
[2023.01.14-09.29.26:684][  0]LogDerivedDataCache: Display: Max Cache Size: 512 MB
[2023.01.14-09.29.26:737][  0]LogFileManager: Error: Requested read of -1610612736 bytes when 54747805 bytes remain (file=C:/Users/ALIBEK/AppData/Local/UnrealEngine/4.27/DerivedDataCache/Boot.ddc, size=137450142)
[2023.01.14-09.29.27:456][  0]LogWindows: Windows GetLastError: The operation completed successfully. (0)
[2023.01.14-09.29.28:987][  0]LogWindows: Error: === Critical error: ===
[2023.01.14-09.29.28:987][  0]LogWindows: Error: 
[2023.01.14-09.29.28:987][  0]LogWindows: Error: Assertion failed: SerializeNum >= 0 [File:D:\Build\++UE4\Sync\Engine\Source\Runtime\Core\Public\Containers/Array.h] [Line: 1182] 
[2023.01.14-09.29.28:987][  0]LogWindows: Error: 
[2023.01.14-09.29.28:987][  0]LogWindows: Error: 
[2023.01.14-09.29.28:987][  0]LogWindows: Error: 
[2023.01.14-09.29.28:987][  0]LogWindows: Error: [Callstack] 0x00007ffaa790cd29 KERNELBASE.dll!UnknownFunction []
[2023.01.14-09.29.28:987][  0]LogWindows: Error: [Callstack] 0x00007ffa5a510216 UE4Editor-Core.dll!ReportAssert() [D:\Build\++UE4\Sync\Engine\Source\Runtime\Core\Private\Windows\WindowsPlatformCrashContext.cpp:1644]
[2023.01.14-09.29.28:987][  0]LogWindows: Error: [Callstack] 0x00007ffa5a514218 UE4Editor-Core.dll!FWindowsErrorOutputDevice::Serialize() [D:\Build\++UE4\Sync\Engine\Source\Runtime\Core\Private\Windows\WindowsErrorOutputDevice.cpp:78]
[2023.01.14-09.29.28:987][  0]LogWindows: Error: [Callstack] 0x00007ffa5a23242d UE4Editor-Core.dll!FOutputDevice::LogfImpl() [D:\Build\++UE4\Sync\Engine\Source\Runtime\Core\Private\Misc\OutputDevice.cpp:61]
[2023.01.14-09.29.28:987][  0]LogWindows: Error: [Callstack] 0x00007ffa5a186a45 UE4Editor-Core.dll!AssertFailedImplV() [D:\Build\++UE4\Sync\Engine\Source\Runtime\Core\Private\Misc\AssertionMacros.cpp:104]
[2023.01.14-09.29.28:987][  0]LogWindows: Error: [Callstack] 0x00007ffa5a1880a0 UE4Editor-Core.dll!FDebug::CheckVerifyFailedImpl() [D:\Build\++UE4\Sync\Engine\Source\Runtime\Core\Private\Misc\AssertionMacros.cpp:461]
[2023.01.14-09.29.28:987][  0]LogWindows: Error: [Callstack] 0x00007ffa4da0c619 UE4Editor-DerivedDataCache.dll!operator<<() [D:\Build\++UE4\Sync\Engine\Source\Runtime\Core\Public\Containers\Array.h:1182]
[2023.01.14-09.29.28:987][  0]LogWindows: Error: [Callstack] 0x00007ffa4da27cb2 UE4Editor-DerivedDataCache.dll!FMemoryDerivedDataBackend::LoadCache() [D:\Build\++UE4\Sync\Engine\Source\Developer\DerivedDataCache\Private\MemoryDerivedDataBackend.cpp:284]
[2023.01.14-09.29.28:987][  0]LogWindows: Error: [Callstack] 0x00007ffa4da2af0f UE4Editor-DerivedDataCache.dll!FDerivedDataBackendGraph::ParseBootCache() [D:\Build\++UE4\Sync\Engine\Source\Developer\DerivedDataCache\Private\DerivedDataBackends.cpp:816]
[2023.01.14-09.29.28:987][  0]LogWindows: Error: [Callstack] 0x00007ffa4da2d008 UE4Editor-DerivedDataCache.dll!FDerivedDataBackendGraph::ParseNode() [D:\Build\++UE4\Sync\Engine\Source\Developer\DerivedDataCache\Private\DerivedDataBackends.cpp:166]
[2023.01.14-09.29.28:987][  0]LogWindows: Error: [Callstack] 0x00007ffa4da2c322 UE4Editor-DerivedDataCache.dll!FDerivedDataBackendGraph::ParseHierarchicalCache() [D:\Build\++UE4\Sync\Engine\Source\Developer\DerivedDataCache\Private\DerivedDataBackends.cpp:457]
[2023.01.14-09.29.28:987][  0]LogWindows: Error: [Callstack] 0x00007ffa4da2d269 UE4Editor-DerivedDataCache.dll!FDerivedDataBackendGraph::ParseNode() [D:\Build\++UE4\Sync\Engine\Source\Developer\DerivedDataCache\Private\DerivedDataBackends.cpp:181]
[2023.01.14-09.29.28:987][  0]LogWindows: Error: [Callstack] 0x00007ffa4da2ab31 UE4Editor-DerivedDataCache.dll!FDerivedDataBackendGraph::ParseAsyncPut() [D:\Build\++UE4\Sync\Engine\Source\Developer\DerivedDataCache\Private\DerivedDataBackends.cpp:368]
[2023.01.14-09.29.28:987][  0]LogWindows: Error: [Callstack] 0x00007ffa4da2d36e UE4Editor-DerivedDataCache.dll!FDerivedDataBackendGraph::ParseNode() [D:\Build\++UE4\Sync\Engine\Source\Developer\DerivedDataCache\Private\DerivedDataBackends.cpp:198]
[2023.01.14-09.29.28:987][  0]LogWindows: Error: [Callstack] 0x00007ffa4da2cd67 UE4Editor-DerivedDataCache.dll!FDerivedDataBackendGraph::ParseKeyLength() [D:\Build\++UE4\Sync\Engine\Source\Developer\DerivedDataCache\Private\DerivedDataBackends.cpp:409]
[2023.01.14-09.29.28:987][  0]LogWindows: Error: [Callstack] 0x00007ffa4da2d2bc UE4Editor-DerivedDataCache.dll!FDerivedDataBackendGraph::ParseNode() [D:\Build\++UE4\Sync\Engine\Source\Developer\DerivedDataCache\Private\DerivedDataBackends.cpp:186]
[2023.01.14-09.29.28:987][  0]LogWindows: Error: [Callstack] 0x00007ffa4da05876 UE4Editor-DerivedDataCache.dll!FDerivedDataBackendGraph::FDerivedDataBackendGraph() [D:\Build\++UE4\Sync\Engine\Source\Developer\DerivedDataCache\Private\DerivedDataBackends.cpp:99]
[2023.01.14-09.29.28:987][  0]LogWindows: Error: [Callstack] 0x00007ffa4da2037a UE4Editor-DerivedDataCache.dll!FDerivedDataBackend::Get() [D:\Build\++UE4\Sync\Engine\Source\Developer\DerivedDataCache\Private\DerivedDataBackends.cpp:1111]
[2023.01.14-09.29.28:987][  0]LogWindows: Error: [Callstack] 0x00007ffa4da15dd4 UE4Editor-DerivedDataCache.dll!FDerivedDataCacheModule::CreateOrGetCache() [D:\Build\++UE4\Sync\Engine\Source\Developer\DerivedDataCache\Private\DerivedDataCache.cpp:622]
[2023.01.14-09.29.28:987][  0]LogWindows: Error: [Callstack] 0x00007ffa5a1cdf1f UE4Editor-Core.dll!GetDerivedDataCache() [D:\Build\++UE4\Sync\Engine\Source\Runtime\Core\Private\Misc\CoreMisc.cpp:104]
[2023.01.14-09.29.28:987][  0]LogWindows: Error: [Callstack] 0x00007ffa5a1cdf5b UE4Editor-Core.dll!GetDerivedDataCacheRef() [D:\Build\++UE4\Sync\Engine\Source\Runtime\Core\Private\Misc\CoreMisc.cpp:113]
[2023.01.14-09.29.28:987][  0]LogWindows: Error: [Callstack] 0x00007ffa55f0942d UE4Editor-Engine.dll!CompileGlobalShaderMap() [D:\Build\++UE4\Sync\Engine\Source\Runtime\Engine\Private\ShaderCompiler\ShaderCompiler.cpp:5751]
[2023.01.14-09.29.28:987][  0]LogWindows: Error: [Callstack] 0x00007ff6d13904e9 UE4Editor.exe!FEngineLoop::PreInitPreStartupScreen() [D:\Build\++UE4\Sync\Engine\Source\Runtime\Launch\Private\LaunchEngineLoop.cpp:2682]
[2023.01.14-09.29.28:987][  0]LogWindows: Error: [Callstack] 0x00007ff6d1380d17 UE4Editor.exe!GuardedMain() [D:\Build\++UE4\Sync\Engine\Source\Runtime\Launch\Private\Launch.cpp:132]
[2023.01.14-09.29.28:987][  0]LogWindows: Error: [Callstack] 0x00007ff6d13810ba UE4Editor.exe!GuardedMainWrapper() [D:\Build\++UE4\Sync\Engine\Source\Runtime\Launch\Private\Windows\LaunchWindows.cpp:137]
[2023.01.14-09.29.28:988][  0]LogWindows: Error: [Callstack] 0x00007ff6d13840dd UE4Editor.exe!LaunchWindowsStartup() [D:\Build\++UE4\Sync\Engine\Source\Runtime\Launch\Private\Windows\LaunchWindows.cpp:273]
[2023.01.14-09.29.28:988][  0]LogWindows: Error: [Callstack] 0x00007ff6d1395984 UE4Editor.exe!WinMain() [D:\Build\++UE4\Sync\Engine\Source\Runtime\Launch\Private\Windows\LaunchWindows.cpp:320]
[2023.01.14-09.29.28:988][  0]LogWindows: Error: [Callstack] 0x00007ff6d139853a UE4Editor.exe!__scrt_common_main_seh() [d:\agent\_work\5\s\src\vctools\crt\vcstartup\src\startup\exe_common.inl:288]
[2023.01.14-09.29.28:988][  0]LogWindows: Error: [Callstack] 0x00007ffaa81d7614 KERNEL32.DLL!UnknownFunction []
[2023.01.14-09.29.28:988][  0]LogWindows: Error: [Callstack] 0x00007ffaaa1026a1 ntdll.dll!UnknownFunction []
[2023.01.14-09.29.28:988][  0]LogWindows: Error: 
[2023.01.14-09.29.28:992][  0]LogExit: Executing StaticShutdownAfterError
[2023.01.14-09.29.28:992][  0]LogWindows: FPlatformMisc::RequestExit(1)
[2023.01.14-09.29.28:992][  0]LogWindows: FPlatformMisc::RequestExitWithStatus(1, 3)
[2023.01.14-09.29.28:992][  0]LogCore: Engine exit requested (reason: Win RequestExit)
[2023.01.14-09.29.29:029][  0]Log file closed, 01/14/23 15:29:29
